<?xml version="1.0" encoding="UTF-8"?>
<testng-results skipped="0" failed="0" ignored="0" total="1" passed="1">
  <reporter-output>
  </reporter-output>
  <suite name="Default suite" duration-ms="109653" started-at="2022-04-16T07:59:26 BST" finished-at="2022-04-16T08:01:16 BST">
    <groups>
    </groups>
    <test name="Default test" duration-ms="109653" started-at="2022-04-16T07:59:26 BST" finished-at="2022-04-16T08:01:16 BST">
      <class name="A">
        <test-method status="PASS" signature="LoginTest3()[pri:0, instance:A@5a8806ef]" name="LoginTest3" duration-ms="109412" started-at="2022-04-16T07:59:26 BST" finished-at="2022-04-16T08:01:16 BST">
          <reporter-output>
          </reporter-output>
        </test-method> <!-- LoginTest3 -->
      </class> <!-- A -->
    </test> <!-- Default test -->
  </suite> <!-- Default suite -->
</testng-results>
